<?xml version="1.0" encoding="UTF-8"?>
<testng-results skipped="0" failed="0" total="2" passed="2">
  <reporter-output>
  </reporter-output>
  <suite name="Default suite" duration-ms="16772" started-at="2019-07-05T10:40:49Z" finished-at="2019-07-05T10:41:05Z">
    <groups>
    </groups>
    <test name="Default test" duration-ms="16772" started-at="2019-07-05T10:40:49Z" finished-at="2019-07-05T10:41:05Z">
      <class name="com.tests.HomeLoginTestPage">
        <test-method status="PASS" signature="beforeTest()[pri:0, instance:com.tests.HomeLoginTestPage@3834d63f]" name="beforeTest" is-config="true" duration-ms="14135" started-at="2019-07-05T16:10:49Z" finished-at="2019-07-05T16:11:03Z">
          <reporter-output>
          </reporter-output>
        </test-method> <!-- beforeTest -->
        <test-method status="PASS" signature="test1()[pri:1, instance:com.tests.HomeLoginTestPage@3834d63f]" name="test1" duration-ms="975" started-at="2019-07-05T16:11:03Z" finished-at="2019-07-05T16:11:04Z">
          <reporter-output>
          </reporter-output>
        </test-method> <!-- test1 -->
        <test-method status="PASS" signature="test2()[pri:2, instance:com.tests.HomeLoginTestPage@3834d63f]" name="test2" duration-ms="1467" started-at="2019-07-05T16:11:04Z" finished-at="2019-07-05T16:11:05Z">
          <reporter-output>
          </reporter-output>
        </test-method> <!-- test2 -->
        <test-method status="PASS" signature="afterTest()[pri:0, instance:com.tests.HomeLoginTestPage@3834d63f]" name="afterTest" is-config="true" duration-ms="168" started-at="2019-07-05T16:11:05Z" finished-at="2019-07-05T16:11:05Z">
          <reporter-output>
          </reporter-output>
        </test-method> <!-- afterTest -->
      </class> <!-- com.tests.HomeLoginTestPage -->
    </test> <!-- Default test -->
  </suite> <!-- Default suite -->
</testng-results>
